16:30:22.700 [main] ERROR c.a.d.pool.DruidAbstractDataSource - maxIdle is deprecated
16:30:22.830 [main] INFO  c.alibaba.druid.pool.DruidDataSource - {dataSource-1} inited
16:30:23.568 [main] INFO  org.apache.cxf.endpoint.ServerImpl - Setting the server's publish address to be null
16:30:24.040 [main] INFO  o.h.validator.internal.util.Version - HV000001: Hibernate Validator 5.1.2.Final
16:30:37.591 [http-9999-5] INFO  c.t.y.c.system.LoginContorller - 用户登录用户名admin,密码admin
16:30:37.673 [http-9999-5] DEBUG c.t.y.d.s.T.searchTopUserinfo - ==>  Preparing: select * from TOP_USERINFO where 1=1 and LOGIN_ACCOUNT = ? and LOGIN_PWD = ? 
16:30:37.742 [http-9999-5] DEBUG c.t.y.d.s.T.searchTopUserinfo - ==> Parameters: admin(String), admin(String)
16:30:37.891 [http-9999-5] DEBUG c.t.y.d.s.T.searchTopUserinfo - <==      Total: 1
16:30:38.605 [http-9999-2] INFO  com.topcheer.ybt.filter.LoginFilter - 登录账户为admin
16:30:38.608 [http-9999-2] INFO  c.t.y.c.system.TopMenuinfoController - 自动加载导航菜单。。。
16:30:38.609 [http-9999-2] DEBUG c.t.y.d.s.T.searchAll - ==>  Preparing: select * from TOP_MENUINFO 
16:30:38.609 [http-9999-2] DEBUG c.t.y.d.s.T.searchAll - ==> Parameters: 
16:30:38.790 [http-9999-2] DEBUG c.t.y.d.s.T.searchAll - <==      Total: 18
16:30:38.872 [http-9999-2] INFO  c.t.y.c.system.TopMenuinfoController - [{"menuId":"5c71f6747bca498db9ea4efd83eecf05","id":"1","faMenuCode":"YBT","text":"业务管理","icon":"icon-group","status":"0","createDate":"20160701","updateDate":"20160701","updateTime":"103428","updateOperator":"0000","menus":[{"menuId":"260da8853a234662a07ab71a3eb51665","id":"1004","faMenuCode":"1","text":"机构管理","icon":"icon-user","url":"../system/bankinfo.jsp","status":"0","createDate":"20160701","updateDate":"20160701","updateTime":"103551","updateOperator":"0000","menus":[],"checked":false},{"menuId":"260da8853a234652a07ab71a3eb51657","id":"1001","faMenuCode":"1","text":"用户管理","icon":"icon-user","url":"../system/userList.jsp","status":"0","createDate":"20160701","updateDate":"20160701","updateTime":"103551","updateOperator":"0000","menus":[],"checked":false},{"menuId":"260da8853a234652a07ab71a3eb51659","id":"1002","faMenuCode":"1","text":"角色管理","icon":"icon-user","url":"../system/roleinfo.jsp","status":"0","createDate":"20160701","updateDate":"20160701","updateTime":"103551","updateOperator":"0000","menus":[],"checked":false},{"menuId":"260da8853a234652a07ab71a3eb51664","id":"1003","faMenuCode":"1","text":"菜单管理","icon":"icon-lock","url":"../system/menuinfo.jsp","status":"0","createDate":"20160701","updateDate":"20160701","updateTime":"103551","updateOperator":"0000","menus":[],"checked":false}],"checked":false,"remark1":"YBT_YD"},{"menuId":"e3dd932ac71248709550672cb86a483e","id":"3","faMenuCode":"YBT","text":"合规管理","icon":"icon-desktop","status":"0","createDate":"20160701","updateDate":"20160701","updateTime":"103551","updateOperator":"0000","menus":[],"checked":false,"remark1":"YBT_YD"},{"menuId":"260da8853a234652a07ab71a3eb51653","id":"4","faMenuCode":"YBT","text":"运营管理","icon":"icon-desktop","status":"0","createDate":"20160701","updateDate":"20160701","updateTime":"103551","updateOperator":"0000","menus":[],"checked":false},{"menuId":"260da8853a234652a07ab71a3eb51654","id":"5","faMenuCode":"YBT","text":"系统管理","icon":"icon-cog","status":"0","createDate":"20160701","updateDate":"20160701","updateTime":"103551","updateOperator":"0000","menus":[],"checked":false},{"menuId":"260da8853a234652a07ab71a3eb51655","id":"6","faMenuCode":"YBT","text":"job管理","icon":"icon-desktop","status":"0","createDate":"20160701","updateDate":"20160701","updateTime":"103551","updateOperator":"0000","menus":[{"menuId":"260da8853a234652a07ab71a3eb51658","id":"6003","faMenuCode":"6","text":"计划任务列表","icon":"icon-leaf","url":"job/toQueryPlanJobList.do","status":"0","createDate":"20160701","updateDate":"20160701","updateTime":"103551","updateOperator":"0000","menus":[],"checked":false},{"menuId":"260da8853a234652a07ab71a3eb51661","id":"6001","faMenuCode":"6","text":"增加job任务","icon":"icon-leaf","url":"job/toAddJob.do","status":"0","createDate":"20160701","updateDate":"20160701","updateTime":"103551","updateOperator":"0000","menus":[],"checked":false},{"menuId":"260da8853a234652a07ab71a3eb51662","id":"6002","faMenuCode":"6","text":"新增任务列表","icon":"icon-leaf","url":"job/toScheduleJobList.do","status":"0","createDate":"20160701","updateDate":"20160701","updateTime":"103551","updateOperator":"0000","menus":[],"checked":false}],"checked":false},{"menuId":"260da8853a234652a07ab71a3eb51656","id":"7","faMenuCode":"YBT","text":"系统监控","icon":"icon-desktop","status":"0","createDate":"20160701","updateDate":"20160701","updateTime":"103551","updateOperator":"0000","menus":[{"menuId":"260da8853a234652a07ab71a3eb51663","id":"7001","faMenuCode":"7","text":"druid监控","icon":"icon-leaf","url":"druid/index.html","status":"0","createDate":"20160701","updateDate":"20160701","updateTime":"103551","updateOperator":"0000","menus":[],"checked":false},{"menuId":"260da8853a234652a07ab71a3eb51665","id":"7002","faMenuCode":"7","text":"JavaMelody应用监控","icon":"icon-leaf","url":"monitoring","status":"0","createDate":"20160701","updateDate":"20160701","updateTime":"103551","updateOperator":"0000","menus":[],"checked":false}],"checked":false}]
16:30:41.484 [http-9999-2] INFO  com.topcheer.ybt.filter.LoginFilter - 登录账户为admin
16:30:41.571 [http-9999-2] DEBUG c.t.y.d.s.T.searchTopBankinfo_COUNT - ==>  Preparing: SELECT count(*) FROM TOP_BANKINFO WHERE 1 = 1 
16:30:41.571 [http-9999-2] DEBUG c.t.y.d.s.T.searchTopBankinfo_COUNT - ==> Parameters: 
16:30:41.588 [http-9999-2] DEBUG c.t.y.d.s.T.searchTopBankinfo_COUNT - <==      Total: 1
16:30:41.591 [http-9999-2] DEBUG c.t.y.d.s.T.searchTopBankinfo - ==>  Preparing: select * from ( select tmp_page.*, rownum row_id from ( select * from TOP_BANKINFO where 1=1 ) tmp_page where rownum <= ? ) where row_id > ? 
16:30:41.591 [http-9999-2] DEBUG c.t.y.d.s.T.searchTopBankinfo - ==> Parameters: 10(Integer), 0(Integer)
16:30:41.595 [http-9999-2] DEBUG c.t.y.d.s.T.searchTopBankinfo - <==      Total: 1
16:38:06.681 [main] ERROR c.a.d.pool.DruidAbstractDataSource - maxIdle is deprecated
16:38:06.800 [main] INFO  c.alibaba.druid.pool.DruidDataSource - {dataSource-1} inited
16:38:07.421 [main] INFO  org.apache.cxf.endpoint.ServerImpl - Setting the server's publish address to be null
16:38:07.539 [main] DEBUG c.t.y.d.s.TopBankinfoMapper.insert - ==>  Preparing: INSERT INTO TOP_BANKINFO ( BANK_CODE, BANK_NAME, BANK_LEVEL, UP_BANKCODE, ADMIN_FLAG, ADDRESS, POSTCODE, PHONE, FAX, STATUS, OPERATOR_BANKCODE, OPERATOR_CODE, UPDATEDATE, UPDATETIME, CERTNO, CERTENDDATE, CERTSTARTDATE )VALUES ( ?, ?, ?, ?, ?, ?, ?, ?, ?, ?, ?, ?, ?, ?, ?, ?, ? ) 
16:38:07.584 [main] DEBUG c.t.y.d.s.TopBankinfoMapper.insert - ==> Parameters: 23(String), 静海支行(String), 3(String), null, null, null, null, null, null, null, null, null, null, null, null, null, null
16:38:07.678 [Thread-1] INFO  c.alibaba.druid.pool.DruidDataSource - {dataSource-1} closed
16:38:36.007 [main] ERROR c.a.d.pool.DruidAbstractDataSource - maxIdle is deprecated
16:38:36.106 [main] INFO  c.alibaba.druid.pool.DruidDataSource - {dataSource-1} inited
16:38:36.678 [main] INFO  org.apache.cxf.endpoint.ServerImpl - Setting the server's publish address to be null
16:38:36.775 [main] DEBUG c.t.y.d.s.TopBankinfoMapper.insert - ==>  Preparing: INSERT INTO TOP_BANKINFO ( BANK_CODE, BANK_NAME, BANK_LEVEL, UP_BANKCODE, ADMIN_FLAG, ADDRESS, POSTCODE, PHONE, FAX, STATUS, OPERATOR_BANKCODE, OPERATOR_CODE, UPDATEDATE, UPDATETIME, CERTNO, CERTENDDATE, CERTSTARTDATE )VALUES ( ?, ?, ?, ?, ?, ?, ?, ?, ?, ?, ?, ?, ?, ?, ?, ?, ? ) 
16:38:36.816 [main] DEBUG c.t.y.d.s.TopBankinfoMapper.insert - ==> Parameters: 23(String), 静海支行(String), 3(String), 1(String), null, null, null, null, null, null, null, null, null, null, null, null, null
16:38:36.859 [Thread-1] INFO  c.alibaba.druid.pool.DruidDataSource - {dataSource-1} closed
16:39:48.237 [main] ERROR c.a.d.pool.DruidAbstractDataSource - maxIdle is deprecated
16:39:48.340 [main] INFO  c.alibaba.druid.pool.DruidDataSource - {dataSource-1} inited
16:39:48.928 [main] INFO  org.apache.cxf.endpoint.ServerImpl - Setting the server's publish address to be null
16:39:49.031 [main] DEBUG c.t.y.d.s.TopBankinfoMapper.insert - ==>  Preparing: INSERT INTO TOP_BANKINFO ( BANK_CODE, BANK_NAME, BANK_LEVEL, UP_BANKCODE, ADMIN_FLAG, ADDRESS, POSTCODE, PHONE, FAX, STATUS, OPERATOR_BANKCODE, OPERATOR_CODE, UPDATEDATE, UPDATETIME, CERTNO, CERTENDDATE, CERTSTARTDATE )VALUES ( ?, ?, ?, ?, ?, ?, ?, ?, ?, ?, ?, ?, ?, ?, ?, ?, ? ) 
16:39:49.073 [main] DEBUG c.t.y.d.s.TopBankinfoMapper.insert - ==> Parameters: 23(String), 静海支行(String), 3(String), 1(String), 0(String), null, null, null, null, null, 000000(String), 000000(String), 20160718(String), 163948(String), null, null, null
16:39:49.102 [main] DEBUG c.t.y.d.s.TopBankinfoMapper.insert - <==    Updates: 1
16:39:49.103 [main] DEBUG c.t.y.d.s.T.getTopBankinfo - ==>  Preparing: select * from TOP_BANKINFO where BANK_CODE = ? 
16:39:49.103 [main] DEBUG c.t.y.d.s.T.getTopBankinfo - ==> Parameters: 23(String)
16:39:49.118 [main] DEBUG c.t.y.d.s.T.getTopBankinfo - <==      Total: 1
16:39:49.129 [Thread-1] INFO  c.alibaba.druid.pool.DruidDataSource - {dataSource-1} closed
